1566814483986	mozrunner::runner	INFO	Running command: "C:\\Program Files\\Mozilla Firefox\\firefox.exe" "-marionette" "-foreground" "-no-remote" "-profile" "C:\\Users\\ADMINI~1\\AppData\\Local\\Temp\\rust_mozprofile.g9hNI32id7Na"
1566814485665	addons.webextension.screenshots@mozilla.org	WARN	Loading extension 'screenshots@mozilla.org': Reading manifest: Invalid extension permission: mozillaAddons
1566814485665	addons.webextension.screenshots@mozilla.org	WARN	Loading extension 'screenshots@mozilla.org': Reading manifest: Invalid extension permission: resource://pdf.js/
1566814485665	addons.webextension.screenshots@mozilla.org	WARN	Loading extension 'screenshots@mozilla.org': Reading manifest: Invalid extension permission: about:reader*
1566814494840	Marionette	INFO	Listening on port 42351
1566814495287	Marionette	WARN	TLS certificate errors will be ignored for this session
1566814497802	Marionette	INFO	Stopped listening on port 42351
[Parent 7816, Gecko_IOThread] WARNING: pipe error: 109: file z:/task_1559133213/build/src/ipc/chromium/src/chrome/common/ipc_channel_win.cc, line 341
[Child 9388, Chrome_ChildThread] WARNING: pipe error: 109: file z:/task_1559133213/build/src/ipc/chromium/src/chrome/common/ipc_channel_win.cc, line 341
[Child 9388, Chrome_ChildThread] WARNING: pipe error: 109: file z:/task_1559133213/build/src/ipc/chromium/src/chrome/common/ipc_channel_win.cc, line 341
[Child 7560, Chrome_ChildThread] WARNING: pipe error: 109: file z:/task_1559133213/build/src/ipc/chromium/src/chrome/common/ipc_channel_win.cc, line 341
[Child 7560, Chrome_ChildThread] WARNING: pipe error: 109: file z:/task_1559133213/build/src/ipc/chromium/src/chrome/common/ipc_channel_win.cc, line 341
[Parent 7816, Gecko_IOThread] WARNING: pipe error: 109: file z:/task_1559133213/build/src/ipc/chromium/src/chrome/common/ipc_channel_win.cc, line 341
[Child 8436, Chrome_ChildThread] WARNING: pipe error: 109: file z:/task_1559133213/build/src/ipc/chromium/src/chrome/common/ipc_channel_win.cc, line 341
[Child 8436, Chrome_ChildThread] WARNING: pipe error: 109: file z:/task_1559133213/build/src/ipc/chromium/src/chrome/common/ipc_channel_win.cc, line 341
JavaScript error: resource://gre/modules/ExtensionSettingsStore.jsm, line 105: Error: The ExtensionSettingsStore was accessed before the initialize promise resolved.

###!!! [Child][RunMessage] Error: Channel closing: too late to send/recv, messages will be lost

[GPU 9020, Chrome_ChildThread] WARNING: pipe error: 109: file z:/task_15591331566814565887	mozrunner::runner	INFO	Running command: "C:\\Program Files\\Mozilla Firefox\\firefox.exe" "-marionette" "-foreground" "-no-remote" "-profile" "C:\\Users\\ADMINI~1\\AppData\\Local\\Temp\\rust_mozprofile.sMKk2O9fv7Iu"
1566814566973	addons.webextension.screenshots@mozilla.org	WARN	Loading extension 'screenshots@mozilla.org': Reading manifest: Invalid extension permission: mozillaAddons
1566814566974	addons.webextension.screenshots@mozilla.org	WARN	Loading extension 'screenshots@mozilla.org': Reading manifest: Invalid extension permission: resource://pdf.js/
1566814566974	addons.webextension.screenshots@mozilla.org	WARN	Loading extension 'screenshots@mozilla.org': Reading manifest: Invalid extension permission: about:reader*
1566814569546	Marionette	INFO	Listening on port 42488
1566814569697	Marionette	WARN	TLS certificate errors will be ignored for this session
1566814576698	Marionette	INFO	Stopped listening on port 42488
[Child 9332, Chrome_ChildThread] WARNING: pipe error: 109: file z:/task_1559133213/build/src/ipc/chromium/src/chrome/common/ipc_channel_win.cc, line 341
[Child 888, Chrome_ChildThread] WARNING: pipe error: 109: file z:/task_1559133213/build/src/ipc/chromium/src/chrome/common/ipc_channel_win.cc, line 341
[Child 888, Chrome_ChildThread] WARNING: pipe error: 109: file z:/task_1559133213/build/src/ipc/chromium/src/chrome/common/ipc_channel_win.cc, line 341
[Parent 8032, Gecko_IOThread] WARNING: pipe error: 109: file z:/task_1559133213/build/src/ipc/chromium/src/chrome/common/ipc_channel_win.cc, line 341
[Child 8048, Chrome_ChildThread] WARNING: pipe error: 109: file z:/task_1559133213/build/src/ipc/chromium/src/chrome/common/ipc_channel_win.cc, line 341
[Child 8048, Chrome_ChildThread] WARNING: pipe error: 109: file z:/task_1559133213/build/src/ipc/chromium/src/chrome/common/ipc_channel_win.cc, line 341

###!!! [Child][RunMessage] Error: Channel closing: too late to send/recv, messages will be lost

[GPU 9896, Chrome_ChildThread] WARNING: pipe 1566814873441	mozrunner::runner	INFO	Running command: "C:\\Program Files\\Mozilla Firefox\\firefox.exe" "-marionette" "-foreground" "-no-remote" "-profile" "C:\\Users\\ADMINI~1\\AppData\\Local\\Temp\\rust_mozprofile.nNF394J0qUbT"
1566814874465	addons.webextension.screenshots@mozilla.org	WARN	Loading extension 'screenshots@mozilla.org': Reading manifest: Invalid extension permission: mozillaAddons
1566814874466	addons.webextension.screenshots@mozilla.org	WARN	Loading extension 'screenshots@mozilla.org': Reading manifest: Invalid extension permission: resource://pdf.js/
1566814874466	addons.webextension.screenshots@mozilla.org	WARN	Loading extension 'screenshots@mozilla.org': Reading manifest: Invalid extension permission: about:reader*
1566814877311	Marionette	INFO	Listening on port 42907
1566814877753	Marionette	WARN	TLS certificate errors will be ignored for this session
1566814881430	Marionette	INFO	Stopped listening on port 42907
[Child 9576, Chrome_ChildThread] WARNING: pipe error: 109: file z:/task_1559133213/build/src/ipc/chromium/src/chrome/common/ipc_channel_win.cc, line 341
[Child 9576, Chrome_ChildThread] WARNING: pipe error: 109: file z:/task_1559133213/build/src/ipc/chromium/src/chrome/common/ipc_channel_win.cc, line 341
[Child 8688, Chrome_ChildThread] WARNING: pipe error: 109: file z:/task_1559133213/build/src/ipc/chromium/src/chrome/common/ipc_channel_win.cc, line 341
[Parent 9628, Gecko_IOThread] WARNING: pipe error: 109: file z:/task_1559133213/build/src/ipc/chromium/src/chrome/common/ipc_channel_win.cc, line 341
[Child 9784, Chrome_ChildThread] WARNING: pipe error: 109: file z:/task_1559133213/build/src/ipc/chromium/src/chrome/common/ipc_channel_win.cc, line 341
[Child 9784, Chrome_ChildThread] WARNING: pipe error: 109: file z:/task_1559133213/build/src/ipc/chromium/src/chrome/common/ipc_channel_win.cc, line 341
[GPU
###!!! [Child][RunMessage] Error: Channel closing: too late to send/recv, messages will be lost

 6428, Chrome_ChildThr1566814973029	mozrunner::runner	INFO	Running command: "C:\\Program Files\\Mozilla Firefox\\firefox.exe" "-marionette" "-foreground" "-no-remote" "-profile" "C:\\Users\\ADMINI~1\\AppData\\Local\\Temp\\rust_mozprofile.M6A6zXam5CXr"
1566814973686	addons.webextension.screenshots@mozilla.org	WARN	Loading extension 'screenshots@mozilla.org': Reading manifest: Invalid extension permission: mozillaAddons
1566814973687	addons.webextension.screenshots@mozilla.org	WARN	Loading extension 'screenshots@mozilla.org': Reading manifest: Invalid extension permission: resource://pdf.js/
1566814973687	addons.webextension.screenshots@mozilla.org	WARN	Loading extension 'screenshots@mozilla.org': Reading manifest: Invalid extension permission: about:reader*
1566814976213	Marionette	INFO	Listening on port 43073
1566814976240	Marionette	WARN	TLS certificate errors will be ignored for this session
1566814980271	Marionette	INFO	Stopped listening on port 43073
[Parent 9128, Gecko_IOThread] WARNING: pipe error: 109: file z:/task_1559133213/build/src/ipc/chromium/src/chrome/common/ipc_channel_win.cc, line 341
[Child 9228, Chrome_ChildThread] WARNING: pipe error: 109: file z:/task_1559133213/build/src/ipc/chromium/src/chrome/common/ipc_channel_win.cc, line 341
[Child 9228, Chrome_ChildThread] WARNING: pipe error: 109: file z:/task_1559133213/build/src/ipc/chromium/src/chrome/common/ipc_channel_win.cc, line 341
[Child 10000, Chrome_ChildThread] WARNING: pipe error: 109: file z:/task_1559133213/build/src/ipc/chromium/src/chrome/common/ipc_channel_win.cc, line 341
[Child 10000, Chrome_ChildThread] WARNING: pipe error: 109: file z:/task_1559133213/build/src/ipc/chromium/src/chrome/common/ipc_channel_win.cc, line 341
[Parent 9128, Gecko_IOThread] WARNING: file z:/task_1559133213/build/src/ipc/chromium/src/base/process_util_win.cc, line 160
[Parent 9128, Gecko_IOThread] WARNING: pipe error: 109: file z:/task_1559133213/build/src/ipc/chromium/src/chrome/common/ipc_channel_win.cc, line 341
[Child 9328, Chrome_ChildThread] WARNING: pipe error: 109: file z:/task_1559133213/build/src/ipc/chromium/src/chrome/common/ipc_channel_win.cc, line 341
[Child 9328, Chrome_ChildThread] WARNING: pipe error: 109:
###!!! [Child][RunMessage] Error: Channel closing: too late to send/recv, messages will be lost

[