1566869424603	mozrunner::runner	INFO	Running command: "C:\\Program Files\\Mozilla Firefox\\firefox.exe" "-marionette" "-foreground" "-no-remote" "-profile" "C:\\Users\\ADMINI~1\\AppData\\Local\\Temp\\rust_mozprofile.eKxp6Sl8HZEi"
1566869425591	addons.webextension.screenshots@mozilla.org	WARN	Loading extension 'screenshots@mozilla.org': Reading manifest: Invalid extension permission: mozillaAddons
1566869425592	addons.webextension.screenshots@mozilla.org	WARN	Loading extension 'screenshots@mozilla.org': Reading manifest: Invalid extension permission: resource://pdf.js/
1566869425592	addons.webextension.screenshots@mozilla.org	WARN	Loading extension 'screenshots@mozilla.org': Reading manifest: Invalid extension permission: about:reader*
1566869430415	Marionette	INFO	Listening on port 42455
1566869430619	Marionette	WARN	TLS certificate errors will be ignored for this session
JavaScript error: https://ss1.bdstatic.com/5eN1bjq8AAUYm2zgoY3K/r/www/cache/static/protocol/https/plugins/every_cookie_4644b13.js, line 4: ReferenceError: c is not defined
1566869439429	Marionette	INFO	Stopped listening on port 42455
[Child 4928, Chrome_ChildThread] WARNING: pipe error: 109: file z:/task_1559133213/build/src/ipc/chromium/src/chrome/common/ipc_channel_win.cc, line 341
[Child 12568, Chrome_ChildThread] WARNING: pipe error: 109: file z:/task_1559133213/build/src/ipc/chromium/src/chrome/common/ipc_channel_win.cc, line 341
[Child 12568, Chrome_ChildThread] WARNING: pipe error: 109: file z:/task_1559133213/build/src/ipc/chromium/src/chrome/common/ipc_channel_win.cc, line 341
[Parent 13176, Gecko_IOThread] WARNING: pipe error: 109: file z:/task_1559133213/build/src/ipc/chromium/src/chrome/common/ipc_channel_win.cc, line 341
[Child 10844, Chrome_ChildThread] WARNING: pipe error: 109: file z:/task_1559133213/build/src/ipc/chromium/src/chrome/common/ipc_channel_win.cc, line 341
[Child 10844, Chrome_ChildThread] WARNING: pipe error: 109: file z:/task_1559133213/build/src/ipc/chromium/src/chrome/common/ipc_channel_win.cc, line 34
###!!! [Child][RunMessage] Error: Channel closing: too late to send/recv, messages will be lost

[GPU 11056, Chrome_ChildThread] WARNING: pipe error: 109: file z:/task_1559133213/build/src/1566886441166	mozrunner::runner	INFO	Running command: "C:\\Program Files\\Mozilla Firefox\\firefox.exe" "-marionette" "-foreground" "-no-remote" "-profile" "C:\\Users\\ADMINI~1\\AppData\\Local\\Temp\\rust_mozprofile.hBus3ZEQEckW"
1566886442636	addons.webextension.screenshots@mozilla.org	WARN	Loading extension 'screenshots@mozilla.org': Reading manifest: Invalid extension permission: mozillaAddons
1566886442636	addons.webextension.screenshots@mozilla.org	WARN	Loading extension 'screenshots@mozilla.org': Reading manifest: Invalid extension permission: resource://pdf.js/
1566886442636	addons.webextension.screenshots@mozilla.org	WARN	Loading extension 'screenshots@mozilla.org': Reading manifest: Invalid extension permission: about:reader*
1566886450674	Marionette	INFO	Listening on port 60462
[Child 14400, Chrome_ChildThread] WARNING: pipe error: 109: file z:/task_1559133213/build/src/ipc/chromium/src/chrome/common/ipc_channel_win.cc, line 341
[Child 14400, Chrome_ChildThread] WARNING: pipe error: 109: file z:/task_1559133213/build/src/ipc/chromium/src/chrome/common/ipc_channel_win.cc, line 341
[Parent 13460, Gecko_IOThread] WARNING: file z:/task_1559133213/build/src/ipc/chromium/src/base/process_util_win.cc, line 160
1566886451658	Marionette	WARN	TLS certificate errors will be ignored for this session
JavaScript error: https://ss1.bdstatic.com/5eN1bjq8AAUYm2zgoY3K/r/www/cache/static/protocol/https/plugins/every_cookie_4644b13.js, line 4: ReferenceError: c is not defined
1566886463726	Marionette	INFO	Stopped listening on port 60462
[Child 14460, Chr
###!!! [Child][MessageChannel] Error: (msgtype=0x610027,name=PNecko::Msg_RemoveRequestContext) Channel closing: too late to send/recv, messages will be lost

ome_ChildThread] WARNING: pipe error: 109: file [Chz:/tild as144k_172,5591 Ch33213rom/bue_ChildThread] WARNING: pipe error: 109: file z:/task_1559133213/build/src/ipc/chromium/src/chrome/common/ipc_channel_win.cc, line 341
[Child 14472, Chrome_ChildThread] WARNING: pipe error: 109: file z:/task_1559133213/build/src/ipc/chromium/src/chrome/common/ipc_channel_win.cc, line 341
ild/src/ipc/chromium/src/chrome/common/ipc_channel_win.cc, line 341
[Child 14460, Chrome_ChildThread] WARNING: pipe error: 109: file z:/task_1559133213/build/src/ipc/chromium/src/chrome/common/ipc_channel_win.cc, line 341

###!!! [Child][RunMessage] Error: Channel closing: too late to send/recv, messages will be lost

[GPU 7308, Chrome_ChildThread] WARNING: pipe error: 109: file z:/task_1559133213/buil1566894737477	mozrunner::runner	INFO	Running command: "C:\\Program Files\\Mozilla Firefox\\firefox.exe" "-marionette" "-foreground" "-no-remote" "-profile" "C:\\Users\\ADMINI~1\\AppData\\Local\\Temp\\rust_mozprofile.35DSBIIL5uTR"
1566894738648	addons.webextension.screenshots@mozilla.org	WARN	Loading extension 'screenshots@mozilla.org': Reading manifest: Invalid extension permission: mozillaAddons
1566894738649	addons.webextension.screenshots@mozilla.org	WARN	Loading extension 'screenshots@mozilla.org': Reading manifest: Invalid extension permission: resource://pdf.js/
1566894738649	addons.webextension.screenshots@mozilla.org	WARN	Loading extension 'screenshots@mozilla.org': Reading manifest: Invalid extension permission: about:reader*
1566894748843	Marionette	INFO	Listening on port 4810
[Child 13576, Chrome_ChildThread] WARNING: pipe error: 109: file z:/task_1559133213/build/src/ipc/chromium/src/chrome/common/ipc_channel_win.cc, line 341
[Child 13576, Chrome_ChildThread] WARNING: pipe error: 109: file z:/task_1559133213/build/src/ipc/chromium/src/chrome/common/ipc_channel_win.cc, line 341
1566894748997	Marionette	WARN	TLS certificate errors will be ignored for this session
JavaScript error: https://ss1.bdstatic.com/5eN1bjq8AAUYm2zgoY3K/r/www/cache/static/protocol/https/plugins/every_cookie_4644b13.js, line 4: ReferenceError: c is not defined
1566894759430	Marionette	INFO	Stopped listening on port 4810
[Parent 16280, Gecko_IOThread] WARNING: pipe error: 109: file z:/task_1559133213/build/src/ipc/chromium/src/chrome/common/ipc_channel_win.cc, line 341
[Child 13792, Chrome_ChildThread] WARNING: pipe error: 109: file z:/task_1559133213/build/src/ipc/chromium/src/chrome/common/ipc_channel_win.cc, line 341
[Child 13792, Chrome_ChildThread] WARNING: pipe error: 109: file z:/task_1559133213/build/src/ipc/chromium/src/chrome/common/ipc_channel_win.cc, line 341
[Parent 16280, Gecko_IOThread] WARNING: pipe error: 109: file z:/task_1559133213/build/src/ipc/chromium/src/chrome/common/ipc_channel_win.cc, line 341
[Child 13368, Chrome_ChildThread] WARNING: pipe error: 109: file z:/task_1559133213/build/src/ipc/chromium/src/chrome/common/ipc_channel_win.cc, line 341

###!!! [Child][RunMessage] Error: Channel closing: too late to send/recv, messages will be lost


###!!! [Child][RunMessage] Error: Channel closing: too late to send/recv, messages will be lost


###!!! [Child][RunMessage] Error: Channel closing: too late to send/recv, messages will be lost


###!!! [Child][RunMessage] Error: Channel closing: too late to send/recv, messages will be lost


###!!! [Child][RunMessage] Error: Channel closing: too late to send/recv, messages will be lost

[Parent 16280, Gecko_IOThread] WARNING: pipe error: 109: file z:/task_1559133213/build/src/ipc/chromium/src/chrome/common/ipc_channel_win.cc, line 341
[Child 17344, Chrome_ChildThread] WARNING: pipe error: 109: file z:/task_1559133213/build/src/ipc/chromium/src/chrome/common/ipc_channel_win.cc, line 341
[Child 17344, Chrome_Ch[Parent 16280, Gecko_IOThread] WARNING: pipe error: 109: file z:/task_1559133213/build/src/ipc/chromium/src/chrome/common/ipc_channel_win.cc, line 341

###!!! [Parent][MessageChannel] Error: (msgtype=0x1F0099,name=PBrowser::Msg_UpdateNativeWindowHandle) Closed channel: cannot send/recv

[Child 16976, Chrome_C
###!!! [Parent][MessageChannel] Error: (msgtype=0x1F0088,name=PBrowser::Msg_Destroy) Closed channel: cannot send/recv

hildThread] WARNING: pipe error: 109: file z:/task_1559133213/build/src/ipc/chromium/src/chrome/common/ipc_channel_win.cc, line 341
[Child 16976, Chrome_ChildThread] WARNING: pipe error: 109: file z:/task_1559133213/build/src/ipc/chromium/src/chrome/common/ipc_channel_win.cc, line 341

###!!! [Child][MessageChannel] Error: (msgtype=0x360113,name=PContent::Msg_DetachBrowsingContext) Closed channel: cannot send/recv

[GPU 15532, Chrome_ChildThread] WARNING: pipe error: 109: file z:/task_1559133213/build/src/ipc/chromium/src/chrome/common/ipc_channel_win.cc, line 341
